D:\универ\ОП\Timofeev_lab7\Debug\Timofeev_lab7.pdb
D:\универ\ОП\Timofeev_lab7\Timofeev_lab7\Debug\cl.command.1.tlog
D:\универ\ОП\Timofeev_lab7\Timofeev_lab7\Debug\CL.read.1.tlog
D:\универ\ОП\Timofeev_lab7\Timofeev_lab7\Debug\CL.write.1.tlog
D:\универ\ОП\Timofeev_lab7\Timofeev_lab7\Debug\link.command.1.tlog
D:\универ\ОП\Timofeev_lab7\Timofeev_lab7\Debug\link.read.1.tlog
D:\универ\ОП\Timofeev_lab7\Timofeev_lab7\Debug\link.write.1.tlog
D:\универ\ОП\Timofeev_lab7\Timofeev_lab7\Debug\link-cvtres.read.1.tlog
D:\универ\ОП\Timofeev_lab7\Timofeev_lab7\Debug\link-cvtres.write.1.tlog
D:\универ\ОП\Timofeev_lab7\Timofeev_lab7\Debug\mt.command.1.tlog
D:\универ\ОП\Timofeev_lab7\Timofeev_lab7\Debug\mt.read.1.tlog
D:\универ\ОП\Timofeev_lab7\Timofeev_lab7\Debug\mt.write.1.tlog
D:\универ\ОП\Timofeev_lab7\Timofeev_lab7\Debug\rc.command.1.tlog
D:\универ\ОП\Timofeev_lab7\Timofeev_lab7\Debug\rc.read.1.tlog
D:\универ\ОП\Timofeev_lab7\Timofeev_lab7\Debug\rc.write.1.tlog
D:\универ\ОП\TIMOFEEV_LAB7\TIMOFEEV_LAB7\DEBUG\STDAFX.OBJ
D:\универ\ОП\TIMOFEEV_LAB7\TIMOFEEV_LAB7\DEBUG\TIMOFEEV_LAB7.EXE.EMBED.MANIFEST
D:\универ\ОП\TIMOFEEV_LAB7\TIMOFEEV_LAB7\DEBUG\TIMOFEEV_LAB7.EXE.EMBED.MANIFEST.RES
D:\универ\ОП\Timofeev_lab7\Timofeev_lab7\Debug\Timofeev_lab7.exe.intermediate.manifest
D:\универ\ОП\TIMOFEEV_LAB7\TIMOFEEV_LAB7\DEBUG\TIMOFEEV_LAB7.OBJ
D:\универ\ОП\TIMOFEEV_LAB7\TIMOFEEV_LAB7\DEBUG\TIMOFEEV_LAB7.PCH
D:\универ\ОП\Timofeev_lab7\Timofeev_lab7\Debug\Timofeev_lab7.vcxprojResolveAssemblyReference.cache
D:\универ\ОП\Timofeev_lab7\Timofeev_lab7\Debug\Timofeev_lab7.write.1.tlog
D:\универ\ОП\Timofeev_lab7\Timofeev_lab7\Debug\Timofeev_lab7_manifest.rc
D:\универ\ОП\Timofeev_lab7\Timofeev_lab7\Debug\vc100.idb
D:\УНИВЕР\ОП\TIMOFEEV_LAB7\TIMOFEEV_LAB7\DEBUG\VC100.PDB
